[app.py:23 - index()] PATH: None
[app.py:23 - index()] PATH: favicon.ico
[app.py:23 - index()] PATH: index.html
[app.py:23 - index()] PATH: None
[app.py:26 - index()] PATH: None
[app.py:26 - index()] PATH: favicon.ico
[app.py:26 - index()] PATH: None
[app.py:26 - index()] PATH: favicon.ico
[app.py:26 - index()] PATH: None
[app.py:26 - index()] PATH: html
[app.py:26 - index()] PATH: favicon.ico
[app.py:26 - index()] PATH: favicon.ico
[app.py:26 - index()] PATH: favicon.ico
[app.py:26 - index()] PATH: favicon.ico
[app.py:26 - index()] PATH: favicon.ico
[app.py:26 - index()] PATH: None
[app.py:26 - index()] PATH: None
[app.py:26 - index()] PATH: None
[app.py:26 - index()] PATH: None
[app.py:26 - index()] PATH: None
[app.py:26 - index()] PATH: None
[app.py:26 - index()] PATH: None
[app.py:26 - index()] PATH: None
[app.py:26 - index()] PATH: None
[app.py:26 - index()] PATH: favicon.ico
[app.py:26 - index()] PATH: None
[app.py:26 - index()] PATH: None
[app.py:26 - index()] PATH: favicon.ico
[app.py:26 - index()] PATH: None
[app.py:26 - index()] PATH: favicon.ico
[app.py:26 - index()] PATH: None
[app.py:26 - index()] PATH: favicon.ico
[app.py:26 - index()] PATH: None
[app.py:26 - index()] PATH: favicon.ico
[app.py:26 - index()] PATH: None
[app.py:26 - index()] PATH: favicon.ico
[app.py:26 - index()] PATH: None
[app.py:26 - index()] PATH: None
[app.py:26 - index()] PATH: favicon.ico
[app.py:26 - index()] PATH: None
[app.py:26 - index()] PATH: favicon.ico
[app.py:26 - index()] PATH: None
[app.py:26 - index()] PATH: favicon.ico
[app.py:26 - index()] PATH: None
[app.py:26 - index()] PATH: favicon.ico
[app.py:26 - index()] PATH: None
[app.py:26 - index()] PATH: favicon.ico
[app.py:26 - index()] PATH: None
[app.py:26 - index()] PATH: favicon.ico
[app.py:26 - index()] PATH: None
[app.py:26 - index()] PATH: favicon.ico
[app.py:26 - index()] PATH: None
[app.py:26 - index()] PATH: favicon.ico
[app.py:26 - index()] PATH: None
[app.py:26 - index()] PATH: favicon.ico
[app.py:26 - index()] PATH: None
[app.py:26 - index()] PATH: favicon.ico
[app.py:26 - index()] PATH: None
[app.py:26 - index()] PATH: favicon.ico
[app.py:26 - index()] PATH: None
[app.py:26 - index()] PATH: favicon.ico
[app.py:26 - index()] PATH: None
[app.py:26 - index()] PATH: favicon.ico
[app.py:26 - index()] PATH: None
[app.py:26 - index()] PATH: favicon.ico
[app.py:26 - index()] PATH: None
[app.py:26 - index()] PATH: favicon.ico
[app.py:26 - index()] PATH: None
[app.py:26 - index()] PATH: favicon.ico
[app.py:26 - index()] PATH: None
[app.py:26 - index()] PATH: favicon.ico
[app.py:26 - index()] PATH: None
[app.py:26 - index()] PATH: favicon.ico
[app.py:26 - index()] PATH: None
[app.py:26 - index()] PATH: favicon.ico
[app.py:26 - index()] PATH: None
[app.py:26 - index()] PATH: favicon.ico
[app.py:26 - index()] PATH: None
[app.py:26 - index()] PATH: favicon.ico
[app.py:26 - index()] PATH: None
[app.py:26 - index()] PATH: favicon.ico
[app.py:26 - index()] PATH: None
[app.py:26 - index()] PATH: favicon.ico
[app.py:26 - index()] PATH: favicon.ico
[app.py:26 - index()] PATH: None
[app.py:26 - index()] PATH: favicon.ico
[app.py:26 - index()] PATH: favicon.ico
[app.py:26 - index()] PATH: favicon.ico
[app.py:26 - index()] PATH: submitRegistrationForm
[app.py:26 - index()] PATH: None
[app.py:26 - index()] PATH: favicon.ico
[app.py:26 - index()] PATH: favicon.ico
[app.py:26 - index()] PATH: None
[app.py:26 - index()] PATH: favicon.ico
[app.py:30 - index()] PATH: None
[app.py:30 - index()] PATH: favicon.ico
[app.py:30 - index()] PATH: None
